2025-09-18 00:28:05 INFO  [traceId=] app.CalculatorCoreApplication - Starting CalculatorCoreApplication using Java 17.0.16 with PID 12132 (/Users/beatrizseco/Desktop/Elias Code/calculator/calculator-core/target/classes started by beatrizseco in /Users/beatrizseco/Desktop/Elias Code/calculator)
2025-09-18 00:28:05 INFO  [traceId=] app.CalculatorCoreApplication - No active profile set, falling back to 1 default profile: "default"
2025-09-18 00:28:06 INFO  [traceId=] o.a.k.c.consumer.ConsumerConfig - ConsumerConfig values: 
	allow.auto.create.topics = true
	auto.commit.interval.ms = 5000
	auto.include.jmx.reporter = true
	auto.offset.reset = latest
	bootstrap.servers = [localhost:9092]
	check.crcs = true
	client.dns.lookup = use_all_dns_ips
	client.id = consumer-calculator-core-group-1
	client.rack = 
	connections.max.idle.ms = 540000
	default.api.timeout.ms = 60000
	enable.auto.commit = false
	enable.metrics.push = true
	exclude.internal.topics = true
	fetch.max.bytes = 52428800
	fetch.max.wait.ms = 500
	fetch.min.bytes = 1
	group.id = calculator-core-group
	group.instance.id = null
	group.protocol = classic
	group.remote.assignor = null
	heartbeat.interval.ms = 3000
	interceptor.classes = []
	internal.leave.group.on.close = true
	internal.throw.on.fetch.stable.offset.unsupported = false
	isolation.level = read_uncommitted
	key.deserializer = class org.apache.kafka.common.serialization.StringDeserializer
	max.partition.fetch.bytes = 1048576
	max.poll.interval.ms = 300000
	max.poll.records = 500
	metadata.max.age.ms = 300000
	metadata.recovery.strategy = none
	metric.reporters = []
	metrics.num.samples = 2
	metrics.recording.level = INFO
	metrics.sample.window.ms = 30000
	partition.assignment.strategy = [class org.apache.kafka.clients.consumer.RangeAssignor, class org.apache.kafka.clients.consumer.CooperativeStickyAssignor]
	receive.buffer.bytes = 65536
	reconnect.backoff.max.ms = 1000
	reconnect.backoff.ms = 50
	request.timeout.ms = 30000
	retry.backoff.max.ms = 1000
	retry.backoff.ms = 100
	sasl.client.callback.handler.class = null
	sasl.jaas.config = null
	sasl.kerberos.kinit.cmd = /usr/bin/kinit
	sasl.kerberos.min.time.before.relogin = 60000
	sasl.kerberos.service.name = null
	sasl.kerberos.ticket.renew.jitter = 0.05
	sasl.kerberos.ticket.renew.window.factor = 0.8
	sasl.login.callback.handler.class = null
	sasl.login.class = null
	sasl.login.connect.timeout.ms = null
	sasl.login.read.timeout.ms = null
	sasl.login.refresh.buffer.seconds = 300
	sasl.login.refresh.min.period.seconds = 60
	sasl.login.refresh.window.factor = 0.8
	sasl.login.refresh.window.jitter = 0.05
	sasl.login.retry.backoff.max.ms = 10000
	sasl.login.retry.backoff.ms = 100
	sasl.mechanism = GSSAPI
	sasl.oauthbearer.clock.skew.seconds = 30
	sasl.oauthbearer.expected.audience = null
	sasl.oauthbearer.expected.issuer = null
	sasl.oauthbearer.header.urlencode = false
	sasl.oauthbearer.jwks.endpoint.refresh.ms = 3600000
	sasl.oauthbearer.jwks.endpoint.retry.backoff.max.ms = 10000
	sasl.oauthbearer.jwks.endpoint.retry.backoff.ms = 100
	sasl.oauthbearer.jwks.endpoint.url = null
	sasl.oauthbearer.scope.claim.name = scope
	sasl.oauthbearer.sub.claim.name = sub
	sasl.oauthbearer.token.endpoint.url = null
	security.protocol = PLAINTEXT
	security.providers = null
	send.buffer.bytes = 131072
	session.timeout.ms = 45000
	socket.connection.setup.timeout.max.ms = 30000
	socket.connection.setup.timeout.ms = 10000
	ssl.cipher.suites = null
	ssl.enabled.protocols = [TLSv1.2, TLSv1.3]
	ssl.endpoint.identification.algorithm = https
	ssl.engine.factory.class = null
	ssl.key.password = null
	ssl.keymanager.algorithm = SunX509
	ssl.keystore.certificate.chain = null
	ssl.keystore.key = null
	ssl.keystore.location = null
	ssl.keystore.password = null
	ssl.keystore.type = JKS
	ssl.protocol = TLSv1.3
	ssl.provider = null
	ssl.secure.random.implementation = null
	ssl.trustmanager.algorithm = PKIX
	ssl.truststore.certificates = null
	ssl.truststore.location = null
	ssl.truststore.password = null
	ssl.truststore.type = JKS
	value.deserializer = class org.springframework.kafka.support.serializer.JsonDeserializer

2025-09-18 00:28:07 INFO  [traceId=] o.a.k.c.t.i.KafkaMetricsCollector - initializing Kafka metrics collector
2025-09-18 00:28:07 INFO  [traceId=] o.a.kafka.common.utils.AppInfoParser - Kafka version: 3.9.1
2025-09-18 00:28:07 INFO  [traceId=] o.a.kafka.common.utils.AppInfoParser - Kafka commitId: f745dfdcee2b9851
2025-09-18 00:28:07 INFO  [traceId=] o.a.kafka.common.utils.AppInfoParser - Kafka startTimeMs: 1758151687262
2025-09-18 00:28:07 INFO  [traceId=] o.a.k.c.c.i.ClassicKafkaConsumer - [Consumer clientId=consumer-calculator-core-group-1, groupId=calculator-core-group] Subscribed to topic(s): calculator-requests
2025-09-18 00:28:07 INFO  [traceId=] app.CalculatorCoreApplication - Started CalculatorCoreApplication in 3.337 seconds (process running for 6.034)
2025-09-18 00:28:08 INFO  [traceId=] org.apache.kafka.clients.Metadata - [Consumer clientId=consumer-calculator-core-group-1, groupId=calculator-core-group] Cluster ID: MAzW8foyTISJybEb_ry7lg
2025-09-18 00:28:08 INFO  [traceId=] o.a.k.c.c.i.ConsumerCoordinator - [Consumer clientId=consumer-calculator-core-group-1, groupId=calculator-core-group] Discovered group coordinator localhost:9092 (id: 2147483646 rack: null)
2025-09-18 00:28:08 INFO  [traceId=] o.a.k.c.c.i.ConsumerCoordinator - [Consumer clientId=consumer-calculator-core-group-1, groupId=calculator-core-group] (Re-)joining group
2025-09-18 00:28:08 INFO  [traceId=] o.a.k.c.c.i.ConsumerCoordinator - [Consumer clientId=consumer-calculator-core-group-1, groupId=calculator-core-group] Request joining group due to: need to re-join with the given member-id: consumer-calculator-core-group-1-d8a434ac-f02f-4070-95f4-fa304fb98807
2025-09-18 00:28:08 INFO  [traceId=] o.a.k.c.c.i.ConsumerCoordinator - [Consumer clientId=consumer-calculator-core-group-1, groupId=calculator-core-group] (Re-)joining group
2025-09-18 00:28:09 INFO  [traceId=] o.a.k.c.c.i.ConsumerCoordinator - [Consumer clientId=consumer-calculator-core-group-1, groupId=calculator-core-group] Successfully joined group with generation Generation{generationId=5, memberId='consumer-calculator-core-group-1-d8a434ac-f02f-4070-95f4-fa304fb98807', protocol='range'}
2025-09-18 00:28:09 INFO  [traceId=] o.a.k.c.c.i.ConsumerCoordinator - [Consumer clientId=consumer-calculator-core-group-1, groupId=calculator-core-group] Successfully synced group in generation Generation{generationId=5, memberId='consumer-calculator-core-group-1-d8a434ac-f02f-4070-95f4-fa304fb98807', protocol='range'}
2025-09-18 00:28:09 INFO  [traceId=] o.a.k.c.c.i.ConsumerCoordinator - [Consumer clientId=consumer-calculator-core-group-1, groupId=calculator-core-group] Notifying assignor about the new Assignment(partitions=[calculator-requests-0])
2025-09-18 00:28:09 INFO  [traceId=] o.a.k.c.c.i.ConsumerRebalanceListenerInvoker - [Consumer clientId=consumer-calculator-core-group-1, groupId=calculator-core-group] Adding newly assigned partitions: calculator-requests-0
2025-09-18 00:28:09 INFO  [traceId=] o.a.k.c.c.internals.ConsumerUtils - Setting offset for partition calculator-requests-0 to the committed offset FetchPosition{offset=0, offsetEpoch=Optional.empty, currentLeader=LeaderAndEpoch{leader=Optional[localhost:9092 (id: 1 rack: null)], epoch=0}}
2025-09-18 00:28:09 INFO  [traceId=] o.s.k.l.KafkaMessageListenerContainer - calculator-core-group: partitions assigned: [calculator-requests-0]
2025-09-18 00:28:28 INFO  [traceId=e1722abb-036c-4780-8af3-4e0a5be0a542] serviceImp.CalculatorService - DIVIDE input: a=5, b=2
2025-09-18 00:28:28 INFO  [traceId=e1722abb-036c-4780-8af3-4e0a5be0a542] serviceImp.CalculatorService - DIVIDE result: 2.50000000000000000000
2025-09-18 00:28:28 INFO  [traceId=e1722abb-036c-4780-8af3-4e0a5be0a542] listener.CalculatorKafkaListener - Calculated divide: 5 divide 2 = 2.50000000000000000000
2025-09-18 00:28:28 INFO  [traceId=e1722abb-036c-4780-8af3-4e0a5be0a542] o.a.k.c.producer.ProducerConfig - ProducerConfig values: 
	acks = -1
	auto.include.jmx.reporter = true
	batch.size = 16384
	bootstrap.servers = [localhost:9092]
	buffer.memory = 33554432
	client.dns.lookup = use_all_dns_ips
	client.id = producer-1
	compression.gzip.level = -1
	compression.lz4.level = 9
	compression.type = none
	compression.zstd.level = 3
	connections.max.idle.ms = 540000
	delivery.timeout.ms = 120000
	enable.idempotence = true
	enable.metrics.push = true
	interceptor.classes = []
	key.serializer = class org.apache.kafka.common.serialization.StringSerializer
	linger.ms = 0
	max.block.ms = 60000
	max.in.flight.requests.per.connection = 5
	max.request.size = 1048576
	metadata.max.age.ms = 300000
	metadata.max.idle.ms = 300000
	metadata.recovery.strategy = none
	metric.reporters = []
	metrics.num.samples = 2
	metrics.recording.level = INFO
	metrics.sample.window.ms = 30000
	partitioner.adaptive.partitioning.enable = true
	partitioner.availability.timeout.ms = 0
	partitioner.class = null
	partitioner.ignore.keys = false
	receive.buffer.bytes = 32768
	reconnect.backoff.max.ms = 1000
	reconnect.backoff.ms = 50
	request.timeout.ms = 30000
	retries = 2147483647
	retry.backoff.max.ms = 1000
	retry.backoff.ms = 100
	sasl.client.callback.handler.class = null
	sasl.jaas.config = null
	sasl.kerberos.kinit.cmd = /usr/bin/kinit
	sasl.kerberos.min.time.before.relogin = 60000
	sasl.kerberos.service.name = null
	sasl.kerberos.ticket.renew.jitter = 0.05
	sasl.kerberos.ticket.renew.window.factor = 0.8
	sasl.login.callback.handler.class = null
	sasl.login.class = null
	sasl.login.connect.timeout.ms = null
	sasl.login.read.timeout.ms = null
	sasl.login.refresh.buffer.seconds = 300
	sasl.login.refresh.min.period.seconds = 60
	sasl.login.refresh.window.factor = 0.8
	sasl.login.refresh.window.jitter = 0.05
	sasl.login.retry.backoff.max.ms = 10000
	sasl.login.retry.backoff.ms = 100
	sasl.mechanism = GSSAPI
	sasl.oauthbearer.clock.skew.seconds = 30
	sasl.oauthbearer.expected.audience = null
	sasl.oauthbearer.expected.issuer = null
	sasl.oauthbearer.header.urlencode = false
	sasl.oauthbearer.jwks.endpoint.refresh.ms = 3600000
	sasl.oauthbearer.jwks.endpoint.retry.backoff.max.ms = 10000
	sasl.oauthbearer.jwks.endpoint.retry.backoff.ms = 100
	sasl.oauthbearer.jwks.endpoint.url = null
	sasl.oauthbearer.scope.claim.name = scope
	sasl.oauthbearer.sub.claim.name = sub
	sasl.oauthbearer.token.endpoint.url = null
	security.protocol = PLAINTEXT
	security.providers = null
	send.buffer.bytes = 131072
	socket.connection.setup.timeout.max.ms = 30000
	socket.connection.setup.timeout.ms = 10000
	ssl.cipher.suites = null
	ssl.enabled.protocols = [TLSv1.2, TLSv1.3]
	ssl.endpoint.identification.algorithm = https
	ssl.engine.factory.class = null
	ssl.key.password = null
	ssl.keymanager.algorithm = SunX509
	ssl.keystore.certificate.chain = null
	ssl.keystore.key = null
	ssl.keystore.location = null
	ssl.keystore.password = null
	ssl.keystore.type = JKS
	ssl.protocol = TLSv1.3
	ssl.provider = null
	ssl.secure.random.implementation = null
	ssl.trustmanager.algorithm = PKIX
	ssl.truststore.certificates = null
	ssl.truststore.location = null
	ssl.truststore.password = null
	ssl.truststore.type = JKS
	transaction.timeout.ms = 60000
	transactional.id = null
	value.serializer = class org.springframework.kafka.support.serializer.JsonSerializer

2025-09-18 00:28:28 INFO  [traceId=e1722abb-036c-4780-8af3-4e0a5be0a542] o.a.k.c.t.i.KafkaMetricsCollector - initializing Kafka metrics collector
2025-09-18 00:28:28 INFO  [traceId=e1722abb-036c-4780-8af3-4e0a5be0a542] o.a.k.clients.producer.KafkaProducer - [Producer clientId=producer-1] Instantiated an idempotent producer.
2025-09-18 00:28:28 INFO  [traceId=e1722abb-036c-4780-8af3-4e0a5be0a542] o.a.kafka.common.utils.AppInfoParser - Kafka version: 3.9.1
2025-09-18 00:28:28 INFO  [traceId=e1722abb-036c-4780-8af3-4e0a5be0a542] o.a.kafka.common.utils.AppInfoParser - Kafka commitId: f745dfdcee2b9851
2025-09-18 00:28:28 INFO  [traceId=e1722abb-036c-4780-8af3-4e0a5be0a542] o.a.kafka.common.utils.AppInfoParser - Kafka startTimeMs: 1758151708704
2025-09-18 00:28:28 INFO  [traceId=] org.apache.kafka.clients.Metadata - [Producer clientId=producer-1] Cluster ID: MAzW8foyTISJybEb_ry7lg
2025-09-18 00:28:28 INFO  [traceId=] o.a.k.c.p.i.TransactionManager - [Producer clientId=producer-1] ProducerId set to 2 with epoch 0
2025-09-18 00:28:44 INFO  [traceId=d2079f0d-c664-4611-97d3-4c48e7d5f80d] serviceImp.CalculatorService - DIVIDE input: a=5, b=-9
2025-09-18 00:28:44 INFO  [traceId=d2079f0d-c664-4611-97d3-4c48e7d5f80d] serviceImp.CalculatorService - DIVIDE result: -0.55555555555555555556
2025-09-18 00:28:44 INFO  [traceId=d2079f0d-c664-4611-97d3-4c48e7d5f80d] listener.CalculatorKafkaListener - Calculated divide: 5 divide -9 = -0.55555555555555555556
2025-09-18 00:39:21 INFO  [traceId=3e7c3131-3fca-4b35-b57d-ab1da26d47f9] serviceImp.CalculatorService - SUM input: a=5, b=-9
2025-09-18 00:39:21 INFO  [traceId=3e7c3131-3fca-4b35-b57d-ab1da26d47f9] serviceImp.CalculatorService - SUM result: -4
2025-09-18 00:39:21 INFO  [traceId=3e7c3131-3fca-4b35-b57d-ab1da26d47f9] listener.CalculatorKafkaListener - Calculated sum: 5 sum -9 = -4
