2025-09-17 16:20:41 INFO  [traceId=] app.CalculatorRestApplication - Starting CalculatorRestApplication using Java 17.0.16 with PID 6348 (/Users/beatrizseco/Desktop/Elias Code/calculator/calculator-rest/target/classes started by beatrizseco in /Users/beatrizseco/Desktop/Elias Code/calculator/calculator-rest)
2025-09-17 16:20:41 INFO  [traceId=] app.CalculatorRestApplication - No active profile set, falling back to 1 default profile: "default"
2025-09-17 16:20:45 INFO  [traceId=] o.s.b.w.e.tomcat.TomcatWebServer - Tomcat initialized with port 8080 (http)
2025-09-17 16:20:45 INFO  [traceId=] o.a.coyote.http11.Http11NioProtocol - Initializing ProtocolHandler ["http-nio-8080"]
2025-09-17 16:20:45 INFO  [traceId=] o.a.catalina.core.StandardService - Starting service [Tomcat]
2025-09-17 16:20:45 INFO  [traceId=] o.a.catalina.core.StandardEngine - Starting Servlet engine: [Apache Tomcat/10.1.44]
2025-09-17 16:20:45 INFO  [traceId=] o.a.c.c.C.[Tomcat].[localhost].[/] - Initializing Spring embedded WebApplicationContext
2025-09-17 16:20:45 INFO  [traceId=] o.s.b.w.s.c.ServletWebServerApplicationContext - Root WebApplicationContext: initialization completed in 3497 ms
2025-09-17 16:20:46 INFO  [traceId=] o.a.coyote.http11.Http11NioProtocol - Starting ProtocolHandler ["http-nio-8080"]
2025-09-17 16:20:46 INFO  [traceId=] o.s.b.w.e.tomcat.TomcatWebServer - Tomcat started on port 8080 (http) with context path '/'
2025-09-17 16:20:46 INFO  [traceId=] o.a.k.c.consumer.ConsumerConfig - ConsumerConfig values: 
	allow.auto.create.topics = true
	auto.commit.interval.ms = 5000
	auto.include.jmx.reporter = true
	auto.offset.reset = latest
	bootstrap.servers = [localhost:9092]
	check.crcs = true
	client.dns.lookup = use_all_dns_ips
	client.id = consumer-calculator-group-1
	client.rack = 
	connections.max.idle.ms = 540000
	default.api.timeout.ms = 60000
	enable.auto.commit = false
	enable.metrics.push = true
	exclude.internal.topics = true
	fetch.max.bytes = 52428800
	fetch.max.wait.ms = 500
	fetch.min.bytes = 1
	group.id = calculator-group
	group.instance.id = null
	group.protocol = classic
	group.remote.assignor = null
	heartbeat.interval.ms = 3000
	interceptor.classes = []
	internal.leave.group.on.close = true
	internal.throw.on.fetch.stable.offset.unsupported = false
	isolation.level = read_uncommitted
	key.deserializer = class org.apache.kafka.common.serialization.StringDeserializer
	max.partition.fetch.bytes = 1048576
	max.poll.interval.ms = 300000
	max.poll.records = 500
	metadata.max.age.ms = 300000
	metadata.recovery.strategy = none
	metric.reporters = []
	metrics.num.samples = 2
	metrics.recording.level = INFO
	metrics.sample.window.ms = 30000
	partition.assignment.strategy = [class org.apache.kafka.clients.consumer.RangeAssignor, class org.apache.kafka.clients.consumer.CooperativeStickyAssignor]
	receive.buffer.bytes = 65536
	reconnect.backoff.max.ms = 1000
	reconnect.backoff.ms = 50
	request.timeout.ms = 30000
	retry.backoff.max.ms = 1000
	retry.backoff.ms = 100
	sasl.client.callback.handler.class = null
	sasl.jaas.config = null
	sasl.kerberos.kinit.cmd = /usr/bin/kinit
	sasl.kerberos.min.time.before.relogin = 60000
	sasl.kerberos.service.name = null
	sasl.kerberos.ticket.renew.jitter = 0.05
	sasl.kerberos.ticket.renew.window.factor = 0.8
	sasl.login.callback.handler.class = null
	sasl.login.class = null
	sasl.login.connect.timeout.ms = null
	sasl.login.read.timeout.ms = null
	sasl.login.refresh.buffer.seconds = 300
	sasl.login.refresh.min.period.seconds = 60
	sasl.login.refresh.window.factor = 0.8
	sasl.login.refresh.window.jitter = 0.05
	sasl.login.retry.backoff.max.ms = 10000
	sasl.login.retry.backoff.ms = 100
	sasl.mechanism = GSSAPI
	sasl.oauthbearer.clock.skew.seconds = 30
	sasl.oauthbearer.expected.audience = null
	sasl.oauthbearer.expected.issuer = null
	sasl.oauthbearer.header.urlencode = false
	sasl.oauthbearer.jwks.endpoint.refresh.ms = 3600000
	sasl.oauthbearer.jwks.endpoint.retry.backoff.max.ms = 10000
	sasl.oauthbearer.jwks.endpoint.retry.backoff.ms = 100
	sasl.oauthbearer.jwks.endpoint.url = null
	sasl.oauthbearer.scope.claim.name = scope
	sasl.oauthbearer.sub.claim.name = sub
	sasl.oauthbearer.token.endpoint.url = null
	security.protocol = PLAINTEXT
	security.providers = null
	send.buffer.bytes = 131072
	session.timeout.ms = 45000
	socket.connection.setup.timeout.max.ms = 30000
	socket.connection.setup.timeout.ms = 10000
	ssl.cipher.suites = null
	ssl.enabled.protocols = [TLSv1.2, TLSv1.3]
	ssl.endpoint.identification.algorithm = https
	ssl.engine.factory.class = null
	ssl.key.password = null
	ssl.keymanager.algorithm = SunX509
	ssl.keystore.certificate.chain = null
	ssl.keystore.key = null
	ssl.keystore.location = null
	ssl.keystore.password = null
	ssl.keystore.type = JKS
	ssl.protocol = TLSv1.3
	ssl.provider = null
	ssl.secure.random.implementation = null
	ssl.trustmanager.algorithm = PKIX
	ssl.truststore.certificates = null
	ssl.truststore.location = null
	ssl.truststore.password = null
	ssl.truststore.type = JKS
	value.deserializer = class org.apache.kafka.common.serialization.StringDeserializer

2025-09-17 16:20:46 INFO  [traceId=] o.a.k.c.t.i.KafkaMetricsCollector - initializing Kafka metrics collector
2025-09-17 16:20:46 INFO  [traceId=] o.a.kafka.common.utils.AppInfoParser - Kafka version: 3.9.1
2025-09-17 16:20:46 INFO  [traceId=] o.a.kafka.common.utils.AppInfoParser - Kafka commitId: f745dfdcee2b9851
2025-09-17 16:20:46 INFO  [traceId=] o.a.kafka.common.utils.AppInfoParser - Kafka startTimeMs: 1758122446453
2025-09-17 16:20:46 INFO  [traceId=] o.a.k.c.c.i.ClassicKafkaConsumer - [Consumer clientId=consumer-calculator-group-1, groupId=calculator-group] Subscribed to topic(s): calculator-responses
2025-09-17 16:20:46 INFO  [traceId=] o.a.k.c.consumer.ConsumerConfig - ConsumerConfig values: 
	allow.auto.create.topics = true
	auto.commit.interval.ms = 5000
	auto.include.jmx.reporter = true
	auto.offset.reset = latest
	bootstrap.servers = [localhost:9092]
	check.crcs = true
	client.dns.lookup = use_all_dns_ips
	client.id = consumer-calculator-core-group-2
	client.rack = 
	connections.max.idle.ms = 540000
	default.api.timeout.ms = 60000
	enable.auto.commit = false
	enable.metrics.push = true
	exclude.internal.topics = true
	fetch.max.bytes = 52428800
	fetch.max.wait.ms = 500
	fetch.min.bytes = 1
	group.id = calculator-core-group
	group.instance.id = null
	group.protocol = classic
	group.remote.assignor = null
	heartbeat.interval.ms = 3000
	interceptor.classes = []
	internal.leave.group.on.close = true
	internal.throw.on.fetch.stable.offset.unsupported = false
	isolation.level = read_uncommitted
	key.deserializer = class org.apache.kafka.common.serialization.StringDeserializer
	max.partition.fetch.bytes = 1048576
	max.poll.interval.ms = 300000
	max.poll.records = 500
	metadata.max.age.ms = 300000
	metadata.recovery.strategy = none
	metric.reporters = []
	metrics.num.samples = 2
	metrics.recording.level = INFO
	metrics.sample.window.ms = 30000
	partition.assignment.strategy = [class org.apache.kafka.clients.consumer.RangeAssignor, class org.apache.kafka.clients.consumer.CooperativeStickyAssignor]
	receive.buffer.bytes = 65536
	reconnect.backoff.max.ms = 1000
	reconnect.backoff.ms = 50
	request.timeout.ms = 30000
	retry.backoff.max.ms = 1000
	retry.backoff.ms = 100
	sasl.client.callback.handler.class = null
	sasl.jaas.config = null
	sasl.kerberos.kinit.cmd = /usr/bin/kinit
	sasl.kerberos.min.time.before.relogin = 60000
	sasl.kerberos.service.name = null
	sasl.kerberos.ticket.renew.jitter = 0.05
	sasl.kerberos.ticket.renew.window.factor = 0.8
	sasl.login.callback.handler.class = null
	sasl.login.class = null
	sasl.login.connect.timeout.ms = null
	sasl.login.read.timeout.ms = null
	sasl.login.refresh.buffer.seconds = 300
	sasl.login.refresh.min.period.seconds = 60
	sasl.login.refresh.window.factor = 0.8
	sasl.login.refresh.window.jitter = 0.05
	sasl.login.retry.backoff.max.ms = 10000
	sasl.login.retry.backoff.ms = 100
	sasl.mechanism = GSSAPI
	sasl.oauthbearer.clock.skew.seconds = 30
	sasl.oauthbearer.expected.audience = null
	sasl.oauthbearer.expected.issuer = null
	sasl.oauthbearer.header.urlencode = false
	sasl.oauthbearer.jwks.endpoint.refresh.ms = 3600000
	sasl.oauthbearer.jwks.endpoint.retry.backoff.max.ms = 10000
	sasl.oauthbearer.jwks.endpoint.retry.backoff.ms = 100
	sasl.oauthbearer.jwks.endpoint.url = null
	sasl.oauthbearer.scope.claim.name = scope
	sasl.oauthbearer.sub.claim.name = sub
	sasl.oauthbearer.token.endpoint.url = null
	security.protocol = PLAINTEXT
	security.providers = null
	send.buffer.bytes = 131072
	session.timeout.ms = 45000
	socket.connection.setup.timeout.max.ms = 30000
	socket.connection.setup.timeout.ms = 10000
	ssl.cipher.suites = null
	ssl.enabled.protocols = [TLSv1.2, TLSv1.3]
	ssl.endpoint.identification.algorithm = https
	ssl.engine.factory.class = null
	ssl.key.password = null
	ssl.keymanager.algorithm = SunX509
	ssl.keystore.certificate.chain = null
	ssl.keystore.key = null
	ssl.keystore.location = null
	ssl.keystore.password = null
	ssl.keystore.type = JKS
	ssl.protocol = TLSv1.3
	ssl.provider = null
	ssl.secure.random.implementation = null
	ssl.trustmanager.algorithm = PKIX
	ssl.truststore.certificates = null
	ssl.truststore.location = null
	ssl.truststore.password = null
	ssl.truststore.type = JKS
	value.deserializer = class org.apache.kafka.common.serialization.StringDeserializer

2025-09-17 16:20:46 INFO  [traceId=] o.a.k.c.t.i.KafkaMetricsCollector - initializing Kafka metrics collector
2025-09-17 16:20:46 INFO  [traceId=] o.a.kafka.common.utils.AppInfoParser - Kafka version: 3.9.1
2025-09-17 16:20:46 INFO  [traceId=] o.a.kafka.common.utils.AppInfoParser - Kafka commitId: f745dfdcee2b9851
2025-09-17 16:20:46 INFO  [traceId=] o.a.kafka.common.utils.AppInfoParser - Kafka startTimeMs: 1758122446490
2025-09-17 16:20:46 INFO  [traceId=] o.a.k.c.c.i.ClassicKafkaConsumer - [Consumer clientId=consumer-calculator-core-group-2, groupId=calculator-core-group] Subscribed to topic(s): calculator-requests
2025-09-17 16:20:46 INFO  [traceId=] app.CalculatorRestApplication - Started CalculatorRestApplication in 5.986 seconds (process running for 6.833)
2025-09-17 16:20:47 INFO  [traceId=] org.apache.kafka.clients.Metadata - [Consumer clientId=consumer-calculator-core-group-2, groupId=calculator-core-group] Cluster ID: G4HaSv_0StiylVIHappR1w
2025-09-17 16:20:47 INFO  [traceId=] o.a.k.c.c.i.ConsumerCoordinator - [Consumer clientId=consumer-calculator-core-group-2, groupId=calculator-core-group] Discovered group coordinator localhost:9092 (id: 2147483646 rack: null)
2025-09-17 16:20:47 INFO  [traceId=] o.a.k.c.c.i.ConsumerCoordinator - [Consumer clientId=consumer-calculator-core-group-2, groupId=calculator-core-group] (Re-)joining group
2025-09-17 16:20:47 WARN  [traceId=] o.apache.kafka.clients.NetworkClient - [Consumer clientId=consumer-calculator-group-1, groupId=calculator-group] The metadata response from the cluster reported a recoverable issue with correlation id 3 : {calculator-responses=LEADER_NOT_AVAILABLE}
2025-09-17 16:20:47 INFO  [traceId=] org.apache.kafka.clients.Metadata - [Consumer clientId=consumer-calculator-group-1, groupId=calculator-group] Cluster ID: G4HaSv_0StiylVIHappR1w
2025-09-17 16:20:47 INFO  [traceId=] o.a.k.c.c.i.ConsumerCoordinator - [Consumer clientId=consumer-calculator-group-1, groupId=calculator-group] Discovered group coordinator localhost:9092 (id: 2147483646 rack: null)
2025-09-17 16:20:47 INFO  [traceId=] o.a.k.c.c.i.ConsumerCoordinator - [Consumer clientId=consumer-calculator-group-1, groupId=calculator-group] (Re-)joining group
2025-09-17 16:20:47 INFO  [traceId=] o.a.k.c.c.i.ConsumerCoordinator - [Consumer clientId=consumer-calculator-core-group-2, groupId=calculator-core-group] Request joining group due to: need to re-join with the given member-id: consumer-calculator-core-group-2-166903fe-f140-49f8-920f-e227354fb6ba
2025-09-17 16:20:47 INFO  [traceId=] o.a.k.c.c.i.ConsumerCoordinator - [Consumer clientId=consumer-calculator-core-group-2, groupId=calculator-core-group] (Re-)joining group
2025-09-17 16:20:47 INFO  [traceId=] o.a.k.c.c.i.ConsumerCoordinator - [Consumer clientId=consumer-calculator-group-1, groupId=calculator-group] Request joining group due to: need to re-join with the given member-id: consumer-calculator-group-1-f4b07e61-e6dd-4145-b580-0fdb25e030f2
2025-09-17 16:20:47 INFO  [traceId=] o.a.k.c.c.i.ConsumerCoordinator - [Consumer clientId=consumer-calculator-group-1, groupId=calculator-group] (Re-)joining group
2025-09-17 16:20:47 INFO  [traceId=] o.a.k.c.c.i.ConsumerCoordinator - [Consumer clientId=consumer-calculator-core-group-2, groupId=calculator-core-group] Successfully joined group with generation Generation{generationId=2, memberId='consumer-calculator-core-group-2-166903fe-f140-49f8-920f-e227354fb6ba', protocol='range'}
2025-09-17 16:20:47 INFO  [traceId=] o.a.k.c.c.i.ConsumerCoordinator - [Consumer clientId=consumer-calculator-core-group-2, groupId=calculator-core-group] Successfully synced group in generation Generation{generationId=2, memberId='consumer-calculator-core-group-2-166903fe-f140-49f8-920f-e227354fb6ba', protocol='range'}
2025-09-17 16:20:47 INFO  [traceId=] o.a.k.c.c.i.ConsumerCoordinator - [Consumer clientId=consumer-calculator-core-group-2, groupId=calculator-core-group] Notifying assignor about the new Assignment(partitions=[])
2025-09-17 16:20:47 INFO  [traceId=] o.a.k.c.c.i.ConsumerRebalanceListenerInvoker - [Consumer clientId=consumer-calculator-core-group-2, groupId=calculator-core-group] Adding newly assigned partitions: 
2025-09-17 16:20:47 INFO  [traceId=] o.s.k.l.KafkaMessageListenerContainer - calculator-core-group: partitions assigned: []
2025-09-17 16:20:50 INFO  [traceId=] o.a.k.c.c.i.ConsumerCoordinator - [Consumer clientId=consumer-calculator-group-1, groupId=calculator-group] Successfully joined group with generation Generation{generationId=1, memberId='consumer-calculator-group-1-f4b07e61-e6dd-4145-b580-0fdb25e030f2', protocol='range'}
2025-09-17 16:20:50 INFO  [traceId=] o.a.k.c.c.i.ConsumerCoordinator - [Consumer clientId=consumer-calculator-group-1, groupId=calculator-group] Finished assignment for group at generation 1: {consumer-calculator-group-1-f4b07e61-e6dd-4145-b580-0fdb25e030f2=Assignment(partitions=[calculator-responses-0])}
2025-09-17 16:20:50 INFO  [traceId=] o.a.k.c.c.i.ConsumerCoordinator - [Consumer clientId=consumer-calculator-group-1, groupId=calculator-group] Successfully synced group in generation Generation{generationId=1, memberId='consumer-calculator-group-1-f4b07e61-e6dd-4145-b580-0fdb25e030f2', protocol='range'}
2025-09-17 16:20:50 INFO  [traceId=] o.a.k.c.c.i.ConsumerCoordinator - [Consumer clientId=consumer-calculator-group-1, groupId=calculator-group] Notifying assignor about the new Assignment(partitions=[calculator-responses-0])
2025-09-17 16:20:50 INFO  [traceId=] o.a.k.c.c.i.ConsumerRebalanceListenerInvoker - [Consumer clientId=consumer-calculator-group-1, groupId=calculator-group] Adding newly assigned partitions: calculator-responses-0
2025-09-17 16:20:50 INFO  [traceId=] o.a.k.c.c.i.ConsumerCoordinator - [Consumer clientId=consumer-calculator-group-1, groupId=calculator-group] Found no committed offset for partition calculator-responses-0
2025-09-17 16:20:50 INFO  [traceId=] o.a.k.c.c.i.ConsumerCoordinator - [Consumer clientId=consumer-calculator-group-1, groupId=calculator-group] Found no committed offset for partition calculator-responses-0
2025-09-17 16:20:50 INFO  [traceId=] o.a.k.c.c.i.SubscriptionState - [Consumer clientId=consumer-calculator-group-1, groupId=calculator-group] Resetting offset for partition calculator-responses-0 to position FetchPosition{offset=0, offsetEpoch=Optional.empty, currentLeader=LeaderAndEpoch{leader=Optional[localhost:9092 (id: 1 rack: null)], epoch=0}}.
2025-09-17 16:20:50 INFO  [traceId=] o.s.k.l.KafkaMessageListenerContainer - calculator-group: partitions assigned: [calculator-responses-0]
2025-09-17 16:21:43 INFO  [traceId=] o.a.c.c.C.[Tomcat].[localhost].[/] - Initializing Spring DispatcherServlet 'dispatcherServlet'
2025-09-17 16:21:43 INFO  [traceId=] o.s.web.servlet.DispatcherServlet - Initializing Servlet 'dispatcherServlet'
2025-09-17 16:21:43 INFO  [traceId=] o.s.web.servlet.DispatcherServlet - Completed initialization in 13 ms
2025-09-17 16:21:43 INFO  [traceId=9235b049-c4e3-4672-a17c-2946b08bed68] o.a.k.c.producer.ProducerConfig - ProducerConfig values: 
	acks = -1
	auto.include.jmx.reporter = true
	batch.size = 16384
	bootstrap.servers = [localhost:9092]
	buffer.memory = 33554432
	client.dns.lookup = use_all_dns_ips
	client.id = producer-1
	compression.gzip.level = -1
	compression.lz4.level = 9
	compression.type = none
	compression.zstd.level = 3
	connections.max.idle.ms = 540000
	delivery.timeout.ms = 120000
	enable.idempotence = true
	enable.metrics.push = true
	interceptor.classes = []
	key.serializer = class org.apache.kafka.common.serialization.StringSerializer
	linger.ms = 0
	max.block.ms = 60000
	max.in.flight.requests.per.connection = 5
	max.request.size = 1048576
	metadata.max.age.ms = 300000
	metadata.max.idle.ms = 300000
	metadata.recovery.strategy = none
	metric.reporters = []
	metrics.num.samples = 2
	metrics.recording.level = INFO
	metrics.sample.window.ms = 30000
	partitioner.adaptive.partitioning.enable = true
	partitioner.availability.timeout.ms = 0
	partitioner.class = null
	partitioner.ignore.keys = false
	receive.buffer.bytes = 32768
	reconnect.backoff.max.ms = 1000
	reconnect.backoff.ms = 50
	request.timeout.ms = 30000
	retries = 2147483647
	retry.backoff.max.ms = 1000
	retry.backoff.ms = 100
	sasl.client.callback.handler.class = null
	sasl.jaas.config = null
	sasl.kerberos.kinit.cmd = /usr/bin/kinit
	sasl.kerberos.min.time.before.relogin = 60000
	sasl.kerberos.service.name = null
	sasl.kerberos.ticket.renew.jitter = 0.05
	sasl.kerberos.ticket.renew.window.factor = 0.8
	sasl.login.callback.handler.class = null
	sasl.login.class = null
	sasl.login.connect.timeout.ms = null
	sasl.login.read.timeout.ms = null
	sasl.login.refresh.buffer.seconds = 300
	sasl.login.refresh.min.period.seconds = 60
	sasl.login.refresh.window.factor = 0.8
	sasl.login.refresh.window.jitter = 0.05
	sasl.login.retry.backoff.max.ms = 10000
	sasl.login.retry.backoff.ms = 100
	sasl.mechanism = GSSAPI
	sasl.oauthbearer.clock.skew.seconds = 30
	sasl.oauthbearer.expected.audience = null
	sasl.oauthbearer.expected.issuer = null
	sasl.oauthbearer.header.urlencode = false
	sasl.oauthbearer.jwks.endpoint.refresh.ms = 3600000
	sasl.oauthbearer.jwks.endpoint.retry.backoff.max.ms = 10000
	sasl.oauthbearer.jwks.endpoint.retry.backoff.ms = 100
	sasl.oauthbearer.jwks.endpoint.url = null
	sasl.oauthbearer.scope.claim.name = scope
	sasl.oauthbearer.sub.claim.name = sub
	sasl.oauthbearer.token.endpoint.url = null
	security.protocol = PLAINTEXT
	security.providers = null
	send.buffer.bytes = 131072
	socket.connection.setup.timeout.max.ms = 30000
	socket.connection.setup.timeout.ms = 10000
	ssl.cipher.suites = null
	ssl.enabled.protocols = [TLSv1.2, TLSv1.3]
	ssl.endpoint.identification.algorithm = https
	ssl.engine.factory.class = null
	ssl.key.password = null
	ssl.keymanager.algorithm = SunX509
	ssl.keystore.certificate.chain = null
	ssl.keystore.key = null
	ssl.keystore.location = null
	ssl.keystore.password = null
	ssl.keystore.type = JKS
	ssl.protocol = TLSv1.3
	ssl.provider = null
	ssl.secure.random.implementation = null
	ssl.trustmanager.algorithm = PKIX
	ssl.truststore.certificates = null
	ssl.truststore.location = null
	ssl.truststore.password = null
	ssl.truststore.type = JKS
	transaction.timeout.ms = 60000
	transactional.id = null
	value.serializer = class org.apache.kafka.common.serialization.StringSerializer

2025-09-17 16:21:43 INFO  [traceId=9235b049-c4e3-4672-a17c-2946b08bed68] o.a.k.c.t.i.KafkaMetricsCollector - initializing Kafka metrics collector
2025-09-17 16:21:43 INFO  [traceId=9235b049-c4e3-4672-a17c-2946b08bed68] o.a.k.clients.producer.KafkaProducer - [Producer clientId=producer-1] Instantiated an idempotent producer.
2025-09-17 16:21:43 INFO  [traceId=9235b049-c4e3-4672-a17c-2946b08bed68] o.a.kafka.common.utils.AppInfoParser - Kafka version: 3.9.1
2025-09-17 16:21:43 INFO  [traceId=9235b049-c4e3-4672-a17c-2946b08bed68] o.a.kafka.common.utils.AppInfoParser - Kafka commitId: f745dfdcee2b9851
2025-09-17 16:21:43 INFO  [traceId=9235b049-c4e3-4672-a17c-2946b08bed68] o.a.kafka.common.utils.AppInfoParser - Kafka startTimeMs: 1758122503496
2025-09-17 16:21:43 INFO  [traceId=] org.apache.kafka.clients.Metadata - [Producer clientId=producer-1] Cluster ID: G4HaSv_0StiylVIHappR1w
2025-09-17 16:21:43 INFO  [traceId=] o.a.k.c.p.i.TransactionManager - [Producer clientId=producer-1] ProducerId set to 0 with epoch 0
2025-09-17 16:21:45 INFO  [traceId=9235b049-c4e3-4672-a17c-2946b08bed68] controller.CalculatorController - Received response: 5.00000000000000000000
